\BOOKMARK [0][-]{chapter*.1}{\376\377\136\217}{}% 1
\BOOKMARK [-1][-]{part.1}{\376\377\173\054\116\000\220\350\122\006\000\040\143\320\232\330\176\304\131\015\215\133\211\343\147\220}{}% 2
\BOOKMARK [0][-]{chapter.1}{\376\377\0002\0000\0002\0000\000\040\000C\000S\000P\000-\000S\131\015\215\133\211\343\147\220}{part.1}% 3
\BOOKMARK [1][-]{section.1.1}{\376\377\000T\0001\000.\000\040\121\022\165\145\145\345}{chapter.1}% 4
\BOOKMARK [1][-]{section.1.2}{\376\377\000T\0002\000.\000\040\122\250\162\151\126\355}{chapter.1}% 5
\BOOKMARK [1][-]{section.1.3}{\376\377\000T\0003\000.\000\040\121\375\145\160\214\003\165\050}{chapter.1}% 6
\BOOKMARK [1][-]{section.1.4}{\376\377\000T\0004\000.\000\040\215\052\124\003\206\307}{chapter.1}% 7
\BOOKMARK [0][-]{chapter.2}{\376\377\0002\0000\0002\0001\000\040\000C\000S\000P\000-\000S\131\015\215\133\211\343\147\220}{part.1}% 8
\BOOKMARK [1][-]{section.2.1}{\376\377\000T\0001\000.\000\040\136\312\150\145\122\006\221\115}{chapter.2}% 9
\BOOKMARK [1][-]{section.2.2}{\376\377\000T\0002\000.\000\040\142\354\123\367\136\217\122\027}{chapter.2}% 10
\BOOKMARK [1][-]{section.2.3}{\376\377\000T\0003\000.\000\040\126\336\145\207}{chapter.2}% 11
\BOOKMARK [1][-]{section.2.4}{\376\377\000T\0004\000.\000\040\116\244\220\032\211\304\122\022}{chapter.2}% 12
\BOOKMARK [0][-]{chapter.3}{\376\377\0002\0000\0002\0002\000\040\000C\000S\000P\000-\000S\131\015\215\133\211\343\147\220}{part.1}% 13
\BOOKMARK [1][-]{section.3.1}{\376\377\000T\0001\000.\000\040\120\107\147\037\213\241\122\022}{chapter.3}% 14
\BOOKMARK [1][-]{section.3.2}{\376\377\000T\0002\000.\000\040\173\126\165\145\156\070\142\017}{chapter.3}% 15
\BOOKMARK [1][-]{section.3.3}{\376\377\000T\0003\000.\000\040\146\037\142\030}{chapter.3}% 16
\BOOKMARK [1][-]{section.3.4}{\376\377\000T\0004\000.\000\040\145\160\143\156\117\040\217\223}{chapter.3}% 17
\BOOKMARK [0][-]{chapter.4}{\376\377\0002\0000\0002\0003\000\040\000C\000S\000P\000-\000S\131\015\215\133\211\343\147\220}{part.1}% 18
\BOOKMARK [1][-]{section.4.1}{\376\377\000T\0001\000.\000\040\133\306\170\001\225\001}{chapter.4}% 19
\BOOKMARK [1][-]{section.4.2}{\376\377\000T\0002\000.\000\040\155\210\155\210\116\120}{chapter.4}% 20
\BOOKMARK [1][-]{section.4.3}{\376\377\000T\0003\000.\000\040\176\323\147\204\117\123}{chapter.4}% 21
\BOOKMARK [1][-]{section.4.4}{\376\377\000T\0004\000.\000\040\171\315\150\021}{chapter.4}% 22
\BOOKMARK [0][-]{chapter.5}{\376\377\0002\0000\0002\0004\000\040\000C\000S\000P\000-\000S\131\015\215\133\211\343\147\220}{part.1}% 23
\BOOKMARK [1][-]{section.5.1}{\376\377\000T\0001\000.\000\040\121\263\145\227}{chapter.5}% 24
\BOOKMARK [1][-]{section.5.2}{\376\377\000T\0002\000.\000\040\215\205\220\037\150\300\155\113}{chapter.5}% 25
\BOOKMARK [1][-]{section.5.3}{\376\377\000T\0003\000.\000\040\147\323\202\162}{chapter.5}% 26
\BOOKMARK [1][-]{section.5.4}{\376\377\000T\0004\000.\000\040\144\302\123\360\156\070\142\017}{chapter.5}% 27
\BOOKMARK [0][-]{chapter.6}{\376\377\0002\0000\0002\0005\000\040\000C\000S\000P\000-\000S\131\015\215\133\211\343\147\220}{part.1}% 28
\BOOKMARK [1][-]{section.6.1}{\376\377\000T\0001\000.\000\040\171\076\126\342\142\333\145\260}{chapter.6}% 29
\BOOKMARK [1][-]{section.6.2}{\376\377\000T\0002\000.\000\040\220\123\215\357\117\356\131\015}{chapter.6}% 30
\BOOKMARK [1][-]{section.6.3}{\376\377\000T\0003\000.\000\040\214\020\227\363\146\377\143\142}{chapter.6}% 31
\BOOKMARK [1][-]{section.6.4}{\376\377\000T\0004\000.\000\040\124\130\135\345\142\333\200\130}{chapter.6}% 32
